<?xml version="1.0" encoding="UTF-8"?>
<Site BuildName="Linux-x86_64-linux-gnu-g++-9"
	BuildStamp="20201026-0300-Experimental"
	Name="DESKTOP-EVQU95H"
	Generator="ctest-3.16.3"
	CompilerName="/bin/x86_64-linux-gnu-g++-9"
	CompilerVersion="9.3.0"
	OSName="Linux"
	Hostname="DESKTOP-EVQU95H"
	OSRelease="4.4.0-19041-Microsoft"
	OSVersion="#488-Microsoft Mon Sep 01 13:43:00 PST 2020"
	OSPlatform="x86_64"
	Is64Bits="1"
	VendorString="GenuineIntel"
	VendorID="Intel Corporation"
	FamilyID="6"
	ModelID="42"
	ProcessorCacheSize="256"
	NumberOfLogicalCPU="8"
	NumberOfPhysicalCPU="4"
	TotalVirtualMemory="40963"
	TotalPhysicalMemory="16366"
	LogicalProcessorsPerPhysical="2"
	ProcessorClockFrequency="3401"
	>
	<Testing>
		<StartDateTime>Oct 26 11:00 +08</StartDateTime>
		<StartTestTime>1603681213</StartTestTime>
		<TestList/>
		<EndDateTime>Oct 26 11:00 +08</EndDateTime>
		<EndTestTime>1603681213</EndTestTime>
		<ElapsedMinutes>0</ElapsedMinutes>
	</Testing>
</Site>
